Build started 2016/1/21 16:28:09.
     1>Project "L:\vs2013Projects\破解初级\版权是谁的\版权是谁的.vcxproj" on node 2 (Build target(s)).
     1>ClCompile:
         M:\Visual Studio Community 2013\VC\bin\CL.exe /c /ZI /nologo /W3 /WX- /sdl /Od /Oy- /D WIN32 /D _WINDOWS /D _DEBUG /D _UNICODE /D UNICODE /D _AFXDLL /Gm /EHsc /RTC1 /MDd /GS /fp:precise /Zc:wchar_t /Zc:forScope /Yc"stdafx.h" /Fp"Debug\版权是谁的.pch" /Fo"Debug\\" /Fd"Debug\vc120.pdb" /Gd /TP /analyze- /errorReport:prompt stdafx.cpp
         stdafx.cpp
         M:\Visual Studio Community 2013\VC\bin\CL.exe /c /ZI /nologo /W3 /WX- /sdl /Od /Oy- /D WIN32 /D _WINDOWS /D _DEBUG /D _UNICODE /D UNICODE /D _AFXDLL /Gm /EHsc /RTC1 /MDd /GS /fp:precise /Zc:wchar_t /Zc:forScope /Yu"stdafx.h" /Fp"Debug\版权是谁的.pch" /Fo"Debug\\" /Fd"Debug\vc120.pdb" /Gd /TP /analyze- /errorReport:prompt "版权是谁的.cpp" "版权是谁的Dlg.cpp"
         版权是谁的Dlg.cpp
         版权是谁的.cpp
         Generating Code...
       ResourceCompile:
         C:\Program Files (x86)\Windows Kits\8.1\bin\x86\rc.exe /D _DEBUG /D _UNICODE /D UNICODE /D _AFXDLL /l"0x0804" /IDebug\ /nologo /fo"Debug\版权是谁的.res" "版权是谁的.rc" 
       Link:
         M:\Visual Studio Community 2013\VC\bin\link.exe /ERRORREPORT:PROMPT /OUT:"L:\vs2013Projects\破解初级\Debug\版权是谁的.exe" /INCREMENTAL /NOLOGO /MANIFEST /MANIFESTUAC:"level='asInvoker' uiAccess='false'" /manifest:embed /manifestinput:"M:\Visual Studio Community 2013\VC\Include\Manifest\dpiaware.manifest" /DEBUG /PDB:"L:\vs2013Projects\破解初级\Debug\版权是谁的.pdb" /SUBSYSTEM:WINDOWS /TLBID:1 /ENTRY:"wWinMainCRTStartup" /DYNAMICBASE /NXCOMPAT /IMPLIB:"L:\vs2013Projects\破解初级\Debug\版权是谁的.lib" /MACHINE:X86 "Debug\版权是谁的.res"
         Debug\stdafx.obj
         "Debug\版权是谁的.obj"
         "Debug\版权是谁的Dlg.obj"
         版权是谁的.vcxproj -> L:\vs2013Projects\破解初级\Debug\版权是谁的.exe
     1>Done Building Project "L:\vs2013Projects\破解初级\版权是谁的\版权是谁的.vcxproj" (Build target(s)).

Build succeeded.

Time Elapsed 00:00:03.49
