Build started 2016/1/20 15:26:48.
     1>Project "L:\vs2013Projects\破解初级\DLL补丁\DLL补丁.vcxproj" on node 2 (Build target(s)).
     1>ClCompile:
         M:\Visual Studio Community 2013\VC\bin\CL.exe /c /Zi /nologo /W3 /WX- /sdl /O2 /Oi /Oy- /GL /D WIN32 /D NDEBUG /D _WINDOWS /D _USRDLL /D DLL_EXPORTS /D _WINDLL /D _UNICODE /D UNICODE /Gm- /EHsc /MD /GS /Gy /fp:precise /Zc:wchar_t /Zc:forScope /Yc"stdafx.h" /Fp"Release\DLL补丁.pch" /Fo"Release\\" /Fd"Release\vc120.pdb" /Gd /TP /analyze- /errorReport:prompt stdafx.cpp
         stdafx.cpp
         M:\Visual Studio Community 2013\VC\bin\CL.exe /c /Zi /nologo /W3 /WX- /sdl /O2 /Oi /Oy- /GL /D WIN32 /D NDEBUG /D _WINDOWS /D _USRDLL /D DLL_EXPORTS /D _WINDLL /D _UNICODE /D UNICODE /Gm- /EHsc /MD /GS /Gy /fp:precise /Zc:wchar_t /Zc:forScope /Fo"Release\\" /Fd"Release\vc120.pdb" /Gd /TP /analyze- /errorReport:prompt dllmain.cpp
         dllmain.cpp
         M:\Visual Studio Community 2013\VC\bin\CL.exe /c /Zi /nologo /W3 /WX- /sdl /O2 /Oi /Oy- /GL /D WIN32 /D NDEBUG /D _WINDOWS /D _USRDLL /D DLL_EXPORTS /D _WINDLL /D _UNICODE /D UNICODE /Gm- /EHsc /MD /GS /Gy /fp:precise /Zc:wchar_t /Zc:forScope /Yu"stdafx.h" /Fp"Release\DLL补丁.pch" /Fo"Release\\" /Fd"Release\vc120.pdb" /Gd /TP /analyze- /errorReport:prompt "DLL补丁.cpp"
         DLL补丁.cpp
       Link:
         M:\Visual Studio Community 2013\VC\bin\link.exe /ERRORREPORT:PROMPT /OUT:"L:\vs2013Projects\破解初级\Release\DLL补丁.dll" /INCREMENTAL:NO /NOLOGO kernel32.lib user32.lib gdi32.lib winspool.lib comdlg32.lib advapi32.lib shell32.lib ole32.lib oleaut32.lib uuid.lib odbc32.lib odbccp32.lib /MANIFEST /MANIFESTUAC:"level='asInvoker' uiAccess='false'" /manifest:embed /DEBUG /PDB:"L:\vs2013Projects\破解初级\Release\DLL补丁.pdb" /SUBSYSTEM:WINDOWS /OPT:REF /OPT:ICF /LTCG /TLBID:1 /DYNAMICBASE /NXCOMPAT /IMPLIB:"L:\vs2013Projects\破解初级\Release\DLL补丁.lib" /MACHINE:X86 /SAFESEH /DLL Release\dllmain.obj
         "Release\DLL补丁.obj"
         Release\stdafx.obj
            Creating library L:\vs2013Projects\破解初级\Release\DLL补丁.lib and object L:\vs2013Projects\破解初级\Release\DLL补丁.exp
     1>LINK : warning LNK4232: name DLL补丁.dll contains non-ASCII characters, DLL may not load on system with ANSI codepage other than 936
         Generating code
         Finished generating code
         DLL补丁.vcxproj -> L:\vs2013Projects\破解初级\Release\DLL补丁.dll
     1>Done Building Project "L:\vs2013Projects\破解初级\DLL补丁\DLL补丁.vcxproj" (Build target(s)).

Build succeeded.

Time Elapsed 00:00:00.85
